<?xml version="1.0" encoding="UTF-8"?>
<!-- Generated by org.testng.reporters.JUnitReportReporter -->
<testsuite skipped="0" hostname="SANKALPs-MacBook-Air.local" name="testSuite2.UserStroy4" tests="2" failures="0" timestamp="25 May 2021 18:56:29 GMT" time="0.014" errors="0">
  <testcase name="us4Test1" time="0.010" classname="testSuite2.UserStroy4"/>
  <testcase name="us4Test2" time="0.004" classname="testSuite2.UserStroy4"/>
</testsuite> <!-- testSuite2.UserStroy4 -->
