<?xml version="1.0" encoding="UTF-8"?>
<!-- Generated by org.testng.reporters.JUnitReportReporter -->
<testsuite skipped="0" hostname="SANKALPs-MacBook-Air.local" name="testSuite2.UserStroy3" tests="2" failures="0" timestamp="25 May 2021 18:56:29 GMT" time="0.003" errors="0">
  <testcase name="us3Test2" time="0.001" classname="testSuite2.UserStroy3"/>
  <testcase name="us3Test1" time="0.002" classname="testSuite2.UserStroy3"/>
</testsuite> <!-- testSuite2.UserStroy3 -->
