<?xml version="1.0" encoding="UTF-8"?>
<!-- Generated by org.testng.reporters.JUnitReportReporter -->
<testsuite skipped="0" hostname="SANKALPs-MacBook-Air.local" name="testSuite1.UserStroy2" tests="2" failures="0" timestamp="25 May 2021 18:56:29 GMT" time="0.005" errors="0">
  <testcase name="us2Test1" time="0.002" classname="testSuite1.UserStroy2"/>
  <testcase name="us2Test2" time="0.003" classname="testSuite1.UserStroy2"/>
</testsuite> <!-- testSuite1.UserStroy2 -->
