<?xml version="1.0" encoding="UTF-8"?>
<!-- Generated by org.testng.reporters.JUnitReportReporter -->
<testsuite skipped="0" hostname="SANKALPs-MacBook-Air.local" name="DataProvider.TestCase1" tests="3" failures="0" timestamp="27 May 2021 19:09:23 GMT" time="0.016" errors="0">
  <testcase name="testCaseExecution" time="0.003" classname="DataProvider.TestCase1"/>
  <testcase name="testCaseExecution" time="0.002" classname="DataProvider.TestCase1"/>
  <testcase name="testCaseExecution" time="0.011" classname="DataProvider.TestCase1"/>
</testsuite> <!-- DataProvider.TestCase1 -->
