<?xml version="1.0" encoding="UTF-8"?>
<!-- Generated by org.testng.reporters.JUnitReportReporter -->
<testsuite skipped="1" hostname="SANKALPs-MacBook-Air.local" name="testSuite1.UserStory1" tests="4" failures="0" timestamp="27 May 2021 20:10:50 GMT" time="0.012" errors="0">
  <testcase name="us1Test4" time="0.006" classname="testSuite1.UserStory1"/>
  <testcase name="us1Test2" time="0.005" classname="testSuite1.UserStory1"/>
  <testcase name="us1Test1" time="0.001" classname="testSuite1.UserStory1"/>
  <testcase name="us1Test3" classname="testSuite1.UserStory1">
    <skipped/>
  </testcase> <!-- us1Test3 -->
</testsuite> <!-- testSuite1.UserStory1 -->
