<?xml version="1.0" encoding="UTF-8"?>
<!-- Generated by org.testng.reporters.JUnitReportReporter -->
<testsuite skipped="0" hostname="SANKALPs-MacBook-Air.local" name="testSuite2.UserStory3" tests="4" failures="0" timestamp="27 May 2021 20:10:50 GMT" time="0.006" errors="0">
  <testcase name="MobileTestUs2Test2" time="0.002" classname="testSuite2.UserStory3"/>
  <testcase name="us3Test1" time="0.001" classname="testSuite2.UserStory3"/>
  <testcase name="us3Test2" time="0.001" classname="testSuite2.UserStory3"/>
  <testcase name="MobileTestUs3Test1" time="0.002" classname="testSuite2.UserStory3"/>
</testsuite> <!-- testSuite2.UserStory3 -->
