<?xml version="1.0" encoding="UTF-8"?>
<!-- Generated by org.testng.reporters.JUnitReportReporter -->
<testsuite skipped="0" hostname="SANKALPs-MacBook-Air.local" name="testSuite2.UserStory4" tests="4" failures="0" timestamp="27 May 2021 20:10:50 GMT" time="0.010" errors="0">
  <testcase name="us4Test1" time="0.004" classname="testSuite2.UserStory4"/>
  <testcase name="us4Test2" time="0.002" classname="testSuite2.UserStory4"/>
  <testcase name="MobileTestUs4Test1" time="0.002" classname="testSuite2.UserStory4"/>
  <testcase name="MobileTestUs4Test2" time="0.002" classname="testSuite2.UserStory4"/>
</testsuite> <!-- testSuite2.UserStory4 -->
